<?xml version="1.0" encoding="UTF-8"?>
<testsuite name="OperadorConMatricesTest" tests="10" skipped="0" failures="0" errors="0" timestamp="2019-06-25T05:25:44" hostname="DESKTOP-PD7OV3O" time="0.029">
  <properties/>
  <testcase name="toVector" classname="OperadorConMatricesTest" time="0.009"/>
  <testcase name="multiplicarMatrizVector" classname="OperadorConMatricesTest" time="0.0"/>
  <testcase name="toVector2" classname="OperadorConMatricesTest" time="0.001"/>
  <testcase name="multiplicarVectores" classname="OperadorConMatricesTest" time="0.001"/>
  <testcase name="andVectores" classname="OperadorConMatricesTest" time="0.001"/>
  <testcase name="trasponerMatriz" classname="OperadorConMatricesTest" time="0.002"/>
  <testcase name="trasponerVector" classname="OperadorConMatricesTest" time="0.001"/>
  <testcase name="sumarVectores" classname="OperadorConMatricesTest" time="0.0"/>
  <testcase name="multiplicarMatrices" classname="OperadorConMatricesTest" time="0.001"/>
  <testcase name="andMatrices" classname="OperadorConMatricesTest" time="0.001"/>
  <system-out><![CDATA[]]></system-out>
  <system-err><![CDATA[]]></system-err>
</testsuite>
